<?xml version="1.0" encoding="UTF-8"?>
<!-- Generated by org.testng.reporters.JUnitXMLReporter -->
<testsuite hostname="CBT-MH-000" name="Test" tests="7" failures="0" timestamp="25 Oct 2019 08:52:49 GMT" time="15.246" errors="0">
  <testcase name="creattweet" time="6.455" classname="test.createtweet"/>
  <testcase name="list_tweet" time="0.662" classname="test.listtweets"/>
  <testcase name="search_tweet" time="0.611" classname="test.search"/>
  <testcase name="hashtags" time="5.36" classname="test.hashtag"/>
  <testcase name="blockusers" time="0.548" classname="test.blockuser"/>
  <testcase name="searchTweet" time="0.871" classname="test.displayuser"/>
  <testcase name="getweather" time="0.676" classname="test.wheathertweet"/>
</testsuite> <!-- Test -->
