<?xml version="1.0" encoding="UTF-8"?>
<testng-results skipped="0" failed="0" total="1" passed="1">
  <reporter-output>
  </reporter-output>
  <suite name="Default suite" duration-ms="5517" started-at="2019-10-31T05:46:45Z" finished-at="2019-10-31T05:46:50Z">
    <groups>
    </groups>
    <test name="Default test" duration-ms="5517" started-at="2019-10-31T05:46:45Z" finished-at="2019-10-31T05:46:50Z">
      <class name="test.createtweet">
        <test-method status="PASS" signature="creattweet()[pri:0, instance:test.createtweet@5a61f5df]" name="creattweet" duration-ms="5494" started-at="2019-10-31T11:16:45Z" finished-at="2019-10-31T11:16:50Z">
          <reporter-output>
          </reporter-output>
        </test-method> <!-- creattweet -->
      </class> <!-- test.createtweet -->
    </test> <!-- Default test -->
  </suite> <!-- Default suite -->
</testng-results>
