<?xml version="1.0" encoding="UTF-8"?>
<testng-results skipped="0" failed="0" total="1" passed="1">
  <reporter-output>
  </reporter-output>
  <suite name="Default suite" duration-ms="20777" started-at="2019-10-31T05:56:30Z" finished-at="2019-10-31T05:56:51Z">
    <groups>
    </groups>
    <test name="Default test" duration-ms="20777" started-at="2019-10-31T05:56:30Z" finished-at="2019-10-31T05:56:51Z">
      <class name="test.ValidateLoginPage">
        <test-method status="PASS" signature="logs()[pri:0, instance:test.ValidateLoginPage@34b7bfc0]" name="logs" is-config="true" duration-ms="1017" started-at="2019-10-31T11:26:29Z" finished-at="2019-10-31T11:26:30Z">
          <reporter-output>
          </reporter-output>
        </test-method> <!-- logs -->
        <test-method status="PASS" signature="preconditions()[pri:0, instance:test.ValidateLoginPage@34b7bfc0]" name="preconditions" is-config="true" duration-ms="16940" started-at="2019-10-31T11:26:30Z" finished-at="2019-10-31T11:26:47Z">
          <reporter-output>
          </reporter-output>
        </test-method> <!-- preconditions -->
        <test-method status="PASS" signature="validateLoginPage()[pri:0, instance:test.ValidateLoginPage@34b7bfc0]" name="validateLoginPage" duration-ms="3817" started-at="2019-10-31T11:26:47Z" finished-at="2019-10-31T11:26:51Z">
          <reporter-output>
          </reporter-output>
        </test-method> <!-- validateLoginPage -->
      </class> <!-- test.ValidateLoginPage -->
    </test> <!-- Default test -->
  </suite> <!-- Default suite -->
</testng-results>
